<!DOCTYPE html PUBLIC "-//W3C//DTD XHTML 1.1//EN" "http://www.w3.org/TR/xhtml11/DTD/xhtml11.dtd">
<html xmlns="http://www.w3.org/1999/xhtml"><head><title>TestNG Report</title><style type="text/css">table {margin-bottom:10px;border-collapse:collapse;empty-cells:show}th,td {border:1px solid #009;padding:.25em .5em}th {vertical-align:bottom}td {vertical-align:top}table a {font-weight:bold}.stripe td {background-color: #E6EBF9}.num {text-align:right}.passedodd td {background-color: #3F3}.passedeven td {background-color: #0A0}.skippedodd td {background-color: #DDD}.skippedeven td {background-color: #CCC}.failedodd td,.attn {background-color: #F33}.failedeven td,.stripe .attn {background-color: #D00}.stacktrace {white-space:pre;font-family:monospace}.totop {font-size:85%;text-align:center;border-bottom:2px solid #000}</style></head><body><table><tr><th>Test</th><th># Passed</th><th># Skipped</th><th># Failed</th><th>Time (ms)</th><th>Included Groups</th><th>Excluded Groups</th></tr><tr><th colspan="7">Failed suite [Suite]</th></tr><tr><td><a href="#t0">chromeTest(failed)</a></td><td class="num">0</td><td class="num">0</td><td class="num attn">2</td><td class="num">74,787</td><td></td><td></td></tr><tr class="stripe"><td><a href="#t1">firefoxTest(failed)</a></td><td class="num">0</td><td class="num">0</td><td class="num attn">3</td><td class="num">81,839</td><td></td><td></td></tr><tr><th>Total</th><th class="num">0</th><th class="num">0</th><th class="num attn">5</th><th class="num">156,626</th><th colspan="2"></th></tr></table><table><thead><tr><th>Class</th><th>Method</th><th>Start</th><th>Time (ms)</th></tr></thead><tbody><tr><th colspan="4">Failed suite [Suite]</th></tr></tbody><tbody id="t0"><tr><th colspan="4">chromeTest(failed) &#8212; failed</th></tr><tr class="failedeven"><td rowspan="1">Script.create_user_script</td><td><a href="#m0">create_user</a></td><td rowspan="1">1572494630756</td><td rowspan="1">12</td></tr><tr class="failedodd"><td rowspan="1">Script.login_script1</td><td><a href="#m1">login_script</a></td><td rowspan="1">1572494660903</td><td rowspan="1">21450</td></tr></tbody><tbody id="t1"><tr><th colspan="4">firefoxTest(failed) &#8212; failed (configuration methods)</th></tr><tr class="failedeven"><td rowspan="1">Script.logout_script</td><td><a href="#m2">postcondition</a></td><td rowspan="1">1572494692711</td><td rowspan="1">0</td></tr><tr><th colspan="4">firefoxTest(failed) &#8212; failed</th></tr><tr class="failedeven"><td rowspan="1">Script.create_user_script</td><td><a href="#m3">create_user</a></td><td rowspan="1">1572494634044</td><td rowspan="1">0</td></tr><tr class="failedodd"><td rowspan="1">Script.login_script1</td><td><a href="#m4">login_script</a></td><td rowspan="1">1572494658271</td><td rowspan="1">11571</td></tr><tr class="failedeven"><td rowspan="1">Script.logout_script</td><td><a href="#m5">logout_script</a></td><td rowspan="1">1572494691049</td><td rowspan="1">1662</td></tr></tbody></table><h2>chromeTest(failed)</h2><h3 id="m0">Script.create_user_script#create_user</h3><table class="result"><tr><th>Exception</th></tr><tr><td><div class="stacktrace">java.lang.Error: Unresolved compilation problems: 
	Unhandled exception type InterruptedException
	Unhandled exception type InterruptedException
	Unhandled exception type InterruptedException

	at Script.create_user_script.create_user(create_user_script.java:30)
	at java.util.concurrent.FutureTask.run(Unknown Source)
	at java.util.concurrent.ThreadPoolExecutor.runWorker(Unknown Source)
	at java.util.concurrent.ThreadPoolExecutor$Worker.run(Unknown Source)
	at java.lang.Thread.run(Unknown Source)
... Removed 16 stack frames</div></td></tr></table><p class="totop"><a href="#summary">back to summary</a></p><h3 id="m1">Script.login_script1#login_script</h3><table class="result"><tr><th>Messages</th></tr><tr><td><div class="messages">fail: title is not matching</div></td></tr><tr><th>Exception</th></tr><tr><td><div class="stacktrace">java.lang.AssertionError: null
	at Generic.Basepage.titlewait(Basepage.java:29)
	at Script.login_script1.login_script(login_script1.java:17)
	at java.util.concurrent.FutureTask.run(Unknown Source)
	at java.util.concurrent.ThreadPoolExecutor.runWorker(Unknown Source)
	at java.util.concurrent.ThreadPoolExecutor$Worker.run(Unknown Source)
	at java.lang.Thread.run(Unknown Source)
... Removed 18 stack frames</div></td></tr></table><p class="totop"><a href="#summary">back to summary</a></p><h2>firefoxTest(failed)</h2><h3 id="m2">Script.logout_script#postcondition</h3><table class="result"><tr class="param"><th>Parameter #1</th></tr><tr class="param stripe"><td>[TestResult name=logout_script status=FAILURE method=logout_script.logout_script()[pri:0, instance:Script.logout_script@604ed9f0] output=fail: title is not matching]</td></tr><tr><th>Exception</th></tr><tr><td><div class="stacktrace">org.openqa.selenium.WebDriverException: Failed to decode response from marionette
Build info: version: &apos;3.141.59&apos;, revision: &apos;e82be7d358&apos;, time: &apos;2018-11-14T08:25:53&apos;
System info: host: &apos;ADMINISTER&apos;, ip: &apos;192.168.225.135&apos;, os.name: &apos;Windows 8.1&apos;, os.arch: &apos;amd64&apos;, os.version: &apos;6.3&apos;, java.version: &apos;1.8.0_181&apos;
Driver info: org.openqa.selenium.firefox.FirefoxDriver
Capabilities {acceptInsecureCerts: true, browserName: firefox, browserVersion: 69.0.2, javascriptEnabled: true, moz:accessibilityChecks: false, moz:buildID: 20191001234643, moz:geckodriverVersion: 0.25.0, moz:headless: false, moz:processID: 6236, moz:profile: C:\Users\Administere\AppDat..., moz:shutdownTimeout: 60000, moz:useNonSpecCompliantPointerOrigin: false, moz:webdriverClick: true, pageLoadStrategy: normal, platform: WINDOWS, platformName: WINDOWS, platformVersion: 6.3, rotatable: false, setWindowRect: true, strictFileInteractability: false, timeouts: {implicit: 0, pageLoad: 300000, script: 30000}, unhandledPromptBehavior: dismiss and notify}
Session ID: 47410649-1cf7-41e9-8d39-624dd38f9db5
	at org.openqa.selenium.remote.http.W3CHttpResponseCodec.createException(W3CHttpResponseCodec.java:187)
	at org.openqa.selenium.remote.http.W3CHttpResponseCodec.decode(W3CHttpResponseCodec.java:122)
	at org.openqa.selenium.remote.http.W3CHttpResponseCodec.decode(W3CHttpResponseCodec.java:49)
	at org.openqa.selenium.remote.HttpCommandExecutor.execute(HttpCommandExecutor.java:158)
	at org.openqa.selenium.remote.service.DriverCommandExecutor.execute(DriverCommandExecutor.java:83)
	at org.openqa.selenium.remote.RemoteWebDriver.execute(RemoteWebDriver.java:552)
	at org.openqa.selenium.remote.RemoteWebDriver.execute(RemoteWebDriver.java:609)
	at org.openqa.selenium.remote.RemoteWebDriver.getScreenshotAs(RemoteWebDriver.java:295)
	at Generic.Photo.getphoto(Photo.java:16)
	at Generic.BaseTest.postcondition(BaseTest.java:44)
	at java.util.concurrent.FutureTask.run(Unknown Source)
	at java.util.concurrent.ThreadPoolExecutor.runWorker(Unknown Source)
	at java.util.concurrent.ThreadPoolExecutor$Worker.run(Unknown Source)
	at java.lang.Thread.run(Unknown Source)
... Removed 22 stack frames</div></td></tr></table><p class="totop"><a href="#summary">back to summary</a></p><h3 id="m3">Script.create_user_script#create_user</h3><table class="result"><tr><th>Exception</th></tr><tr><td><div class="stacktrace">java.lang.Error: Unresolved compilation problems: 
	Unhandled exception type InterruptedException
	Unhandled exception type InterruptedException
	Unhandled exception type InterruptedException

	at Script.create_user_script.create_user(create_user_script.java:30)
	at java.util.concurrent.FutureTask.run(Unknown Source)
	at java.util.concurrent.ThreadPoolExecutor.runWorker(Unknown Source)
	at java.util.concurrent.ThreadPoolExecutor$Worker.run(Unknown Source)
	at java.lang.Thread.run(Unknown Source)
... Removed 16 stack frames</div></td></tr></table><p class="totop"><a href="#summary">back to summary</a></p><h3 id="m4">Script.login_script1#login_script</h3><table class="result"><tr><th>Messages</th></tr><tr><td><div class="messages">fail: title is not matching</div></td></tr><tr><th>Exception</th></tr><tr><td><div class="stacktrace">java.lang.AssertionError: null
	at Generic.Basepage.titlewait(Basepage.java:29)
	at Script.login_script1.login_script(login_script1.java:17)
	at java.util.concurrent.FutureTask.run(Unknown Source)
	at java.util.concurrent.ThreadPoolExecutor.runWorker(Unknown Source)
	at java.util.concurrent.ThreadPoolExecutor$Worker.run(Unknown Source)
	at java.lang.Thread.run(Unknown Source)
... Removed 18 stack frames</div></td></tr></table><p class="totop"><a href="#summary">back to summary</a></p><h3 id="m5">Script.logout_script#logout_script</h3><table class="result"><tr><th>Messages</th></tr><tr><td><div class="messages">fail: title is not matching</div></td></tr><tr><th>Exception</th></tr><tr><td><div class="stacktrace">java.lang.AssertionError: null
	at Generic.Basepage.element_visiblity(Basepage.java:43)
	at POM.actitime_enter_timetrack.clicklogot(actitime_enter_timetrack.java:48)
	at Script.logout_script.logout_script(logout_script.java:21)
	at java.util.concurrent.FutureTask.run(Unknown Source)
	at java.util.concurrent.ThreadPoolExecutor.runWorker(Unknown Source)
	at java.util.concurrent.ThreadPoolExecutor$Worker.run(Unknown Source)
	at java.lang.Thread.run(Unknown Source)
... Removed 18 stack frames</div></td></tr></table><p class="totop"><a href="#summary">back to summary</a></p></body></html>